<?xml version="1.0" encoding="UTF-8"?>
<!-- Generated by org.testng.reporters.JUnitXMLReporter -->
<testsuite ignored="4" hostname="Prince" failures="0" tests="3" name="LoanHomeCar" time="0.005" errors="0" timestamp="2023-01-03T20:25:46 EST">
  <testcase classname="Basic.CarLoan" name="carloanlogin" time="0.0"/>
  <testcase classname="Basic.CarLoan" name="contact" time="0.001"/>
  <testcase classname="Basic.Homeloan" name="homeloanLogin" time="0.001"/>
  <testcase classname="Basic.CarLoan" name="registerB" time="0.0">
    <ignored/>
  </testcase> <!-- registerB -->
  <testcase classname="Basic.CarLoan" name="registerA" time="0.0">
    <ignored/>
  </testcase> <!-- registerA -->
  <testcase classname="Basic.Homeloan" name="registrationhomeloan" time="0.0">
    <ignored/>
  </testcase> <!-- registrationhomeloan -->
  <testcase classname="Basic.CarLoan" name="registerD" time="0.0">
    <ignored/>
  </testcase> <!-- registerD -->
</testsuite> <!-- LoanHomeCar -->
