<?xml version="1.0" encoding="UTF-8"?>
<!-- Generated by org.testng.reporters.JUnitXMLReporter -->
<testsuite ignored="0" hostname="Prince" failures="0" tests="6" name="Personal" time="0.039" errors="0" timestamp="2023-01-03T20:25:46 EST">
  <testcase classname="Basic.DemoTestng1" name="demo" time="0.004"/>
  <testcase classname="Basic.DemoTestng1" name="demo2" time="0.0"/>
  <testcase classname="Basic.DemoTestng1" name="demodata" time="0.001"/>
  <testcase classname="Basic.DemoTestng1" name="demodata" time="0.001"/>
  <testcase classname="Basic.DemoTestng1" name="demodata" time="0.0"/>
  <testcase classname="Basic.Demotestvg2" name="personal" time="0.0"/>
</testsuite> <!-- Personal -->
