<?xml version="1.0" encoding="UTF-8"?>
<!-- Generated by org.testng.reporters.JUnitXMLReporter -->
<testsuite ignored="6" hostname="Prince" failures="0" tests="4" name="Regression" time="0.037" errors="0" timestamp="2023-01-02T17:47:22 EST">
  <testcase classname="Basic.DemoTestng1" name="demo" time="0.005"/>
  <testcase classname="Basic.Demotestvg2" name="personal" time="0.0"/>
  <testcase classname="Basic.CarLoan" name="carloanlogin" time="0.001"/>
  <testcase classname="Basic.Homeloan" name="homeloanLogin" time="0.0"/>
  <testcase classname="Basic.CarLoan" name="registerB" time="0.0">
    <ignored/>
  </testcase> <!-- registerB -->
  <testcase classname="Basic.CarLoan" name="registerA" time="0.0">
    <ignored/>
  </testcase> <!-- registerA -->
  <testcase classname="Basic.DemoTestng1" name="demo2" time="0.0">
    <ignored/>
  </testcase> <!-- demo2 -->
  <testcase classname="Basic.CarLoan" name="contact" time="0.0">
    <ignored/>
  </testcase> <!-- contact -->
  <testcase classname="Basic.Homeloan" name="registrationhomeloan" time="0.0">
    <ignored/>
  </testcase> <!-- registrationhomeloan -->
  <testcase classname="Basic.CarLoan" name="registerD" time="0.0">
    <ignored/>
  </testcase> <!-- registerD -->
</testsuite> <!-- Regression -->
